<?xml version="1.0" encoding="UTF-8"?>
<testsuite name="java21.springboot4.microservice.restful.Java21Springboot4MicroserviceRestfulApplicationTests" tests="1" skipped="0" failures="0" errors="0" timestamp="2026-09-07T16:46:01.465Z" hostname="LAPTOP-UNS3MDD3" time="8.386">
  <properties/>
  <testcase name="contextLoads()" classname="java21.springboot4.microservice.restful.Java21Springboot4MicroserviceRestfulApplicationTests" time="0.499"/>
  <system-out><![CDATA[13:46:01.842 [Test worker] INFO org.springframework.test.context.support.AnnotationConfigContextLoaderUtils -- Could not detect default configuration classes for test class [java21.springboot4.microservice.restful.Java21Springboot4MicroserviceRestfulApplicationTests]: Java21Springboot4MicroserviceRestfulApplicationTests does not declare any static, non-private, non-final, nested classes annotated with @Configuration.
13:46:02.037 [Test worker] INFO org.springframework.boot.test.context.SpringBootTestContextBootstrapper -- Found @SpringBootConfiguration java21.springboot4.microservice.restful.Application for test class java21.springboot4.microservice.restful.Java21Springboot4MicroserviceRestfulApplicationTests
13:46:02.223 [Test worker] INFO org.springframework.test.context.support.AnnotationConfigContextLoaderUtils -- Could not detect default configuration classes for test class [java21.springboot4.microservice.restful.Java21Springboot4MicroserviceRestfulApplicationTests]: Java21Springboot4MicroserviceRestfulApplicationTests does not declare any static, non-private, non-final, nested classes annotated with @Configuration.
13:46:02.225 [Test worker] INFO org.springframework.boot.test.context.SpringBootTestContextBootstrapper -- Found @SpringBootConfiguration java21.springboot4.microservice.restful.Application for test class java21.springboot4.microservice.restful.Java21Springboot4MicroserviceRestfulApplicationTests

  .   ____          _            __ _ _
 /\\ / ___'_ __ _ _(_)_ __  __ _ \ \ \ \
( ( )\___ | '_ | '_| | '_ \/ _` | \ \ \ \
 \\/  ___)| |_)| | | | | || (_| |  ) ) ) )
  '  |____| .__|_| |_|_| |_\__, | / / / /
 =========|_|==============|___/=/_/_/_/

 :: Spring Boot ::                (v4.1.1)

2026-09-07T13:46:02.966-03:00  INFO 22796 --- [java21-springboot4-microservice-restful] [    Test worker] boot4MicroserviceRestfulApplicationTests : Starting Java21Springboot4MicroserviceRestfulApplicationTests using Java 21.0.11 with PID 22796 (started by christian_hume in C:\dev\repositories\java21-springboot4-microservice-restful)
2026-09-07T13:46:02.970-03:00  INFO 22796 --- [java21-springboot4-microservice-restful] [    Test worker] boot4MicroserviceRestfulApplicationTests : No active profile set, falling back to 1 default profile: "default"
2026-09-07T13:46:04.324-03:00  INFO 22796 --- [java21-springboot4-microservice-restful] [    Test worker] .s.d.r.c.RepositoryConfigurationDelegate : Bootstrapping Spring Data JPA repositories in DEFAULT mode.
2026-09-07T13:46:04.436-03:00  INFO 22796 --- [java21-springboot4-microservice-restful] [    Test worker] .s.d.r.c.RepositoryConfigurationDelegate : Finished Spring Data repository scanning in 92 ms. Found 4 JPA repository interfaces.
2026-09-07T13:46:05.087-03:00  INFO 22796 --- [java21-springboot4-microservice-restful] [    Test worker] com.zaxxer.hikari.HikariDataSource       : HikariPool-1 - Starting...
2026-09-07T13:46:05.380-03:00  INFO 22796 --- [java21-springboot4-microservice-restful] [    Test worker] com.zaxxer.hikari.pool.HikariPool        : HikariPool-1 - Added connection conn0: url=jdbc:h2:mem:testdb user=SA
2026-09-07T13:46:05.383-03:00  INFO 22796 --- [java21-springboot4-microservice-restful] [    Test worker] com.zaxxer.hikari.HikariDataSource       : HikariPool-1 - Start completed.
2026-09-07T13:46:05.577-03:00  INFO 22796 --- [java21-springboot4-microservice-restful] [    Test worker] org.hibernate.orm.jpa                    : HHH008540: Processing PersistenceUnitInfo [name: default]
2026-09-07T13:46:05.695-03:00  INFO 22796 --- [java21-springboot4-microservice-restful] [    Test worker] org.hibernate.orm.core                   : HHH000001: Hibernate ORM core version 7.4.5.Final
2026-09-07T13:46:06.464-03:00  INFO 22796 --- [java21-springboot4-microservice-restful] [    Test worker] o.s.o.j.p.SpringPersistenceUnitInfo      : No LoadTimeWeaver setup: ignoring JPA class transformer
2026-09-07T13:46:06.547-03:00  WARN 22796 --- [java21-springboot4-microservice-restful] [    Test worker] org.hibernate.orm.deprecation            : HHH90000025: H2Dialect does not need to be specified explicitly using 'hibernate.dialect' (remove the property setting and it will be selected by default)
2026-09-07T13:46:06.570-03:00  INFO 22796 --- [java21-springboot4-microservice-restful] [    Test worker] org.hibernate.orm.connections.pooling    : HHH10001005: Database info:
	Database JDBC URL [jdbc:h2:mem:testdb]
	Database driver: H2 JDBC Driver
	Database dialect: H2Dialect
	Database version: 2.4.240
	Default catalog/schema: TESTDB/PUBLIC
	Autocommit mode: undefined/unknown
	Isolation level: READ_COMMITTED [default READ_COMMITTED]
	JDBC fetch size: 100
	Pool: DataSourceConnectionProvider
	Minimum pool size: undefined/unknown
	Maximum pool size: undefined/unknown
2026-09-07T13:46:07.826-03:00  INFO 22796 --- [java21-springboot4-microservice-restful] [    Test worker] org.hibernate.orm.core                   : HHH000489: No JTA platform available (set 'hibernate.transaction.jta.platform' to enable JTA platform integration)
2026-09-07T13:46:07.909-03:00  INFO 22796 --- [java21-springboot4-microservice-restful] [    Test worker] j.LocalContainerEntityManagerFactoryBean : Initialized JPA EntityManagerFactory for persistence unit 'default'
2026-09-07T13:46:08.021-03:00  INFO 22796 --- [java21-springboot4-microservice-restful] [    Test worker] o.s.d.j.r.query.QueryEnhancerFactories   : Hibernate is in classpath; If applicable, HQL parser will be used.
2026-09-07T13:46:08.277-03:00  WARN 22796 --- [java21-springboot4-microservice-restful] [    Test worker] JpaBaseConfiguration$JpaWebConfiguration : spring.jpa.open-in-view is enabled by default. Therefore, database queries may be performed during view rendering. Explicitly configure spring.jpa.open-in-view to disable this warning
2026-09-07T13:46:09.164-03:00  INFO 22796 --- [java21-springboot4-microservice-restful] [    Test worker] o.s.b.a.e.web.EndpointLinksResolver      : Exposing 2 endpoints beneath base path '/actuator'
2026-09-07T13:46:09.246-03:00  INFO 22796 --- [java21-springboot4-microservice-restful] [    Test worker] boot4MicroserviceRestfulApplicationTests : Started Java21Springboot4MicroserviceRestfulApplicationTests in 6.887 seconds (process running for 9.418)
]]></system-out>
  <system-err><![CDATA[Mockito is currently self-attaching to enable the inline-mock-maker. This will no longer work in future releases of the JDK. Please add Mockito as an agent to your build as described in Mockito's documentation: https://javadoc.io/doc/org.mockito/mockito-core/latest/org.mockito/org/mockito/Mockito.html#0.3
WARNING: A Java agent has been loaded dynamically (C:\Users\christian_hume\.gradle\caches\modules-2\files-2.1\net.bytebuddy\byte-buddy-agent\1.18.11\82212e5b3633e7a65fca8bec525762cfb6c9bae4\byte-buddy-agent-1.18.11.jar)
WARNING: If a serviceability tool is in use, please run with -XX:+EnableDynamicAgentLoading to hide this warning
WARNING: If a serviceability tool is not in use, please run with -Djdk.instrument.traceUsage for more information
WARNING: Dynamic loading of agents will be disallowed by default in a future release
]]></system-err>
</testsuite>
