<?xml version="1.0" encoding="UTF-8"?>
<testsuite name="java21.springboot4.microservice.restful.Java21Springboot4MicroserviceRestfulApplicationTests" tests="1" skipped="0" failures="0" errors="0" timestamp="2026-09-07T17:06:19.165Z" hostname="LAPTOP-UNS3MDD3" time="2.446">
  <properties/>
  <testcase name="contextLoads()" classname="java21.springboot4.microservice.restful.Java21Springboot4MicroserviceRestfulApplicationTests" time="0.005"/>
  <system-out><![CDATA[2026-09-07T14:06:19.168-03:00  INFO 4128 --- [java21-springboot4-microservice-restful] [    Test worker] t.c.s.AnnotationConfigContextLoaderUtils : Could not detect default configuration classes for test class [java21.springboot4.microservice.restful.Java21Springboot4MicroserviceRestfulApplicationTests]: Java21Springboot4MicroserviceRestfulApplicationTests does not declare any static, non-private, non-final, nested classes annotated with @Configuration.
2026-09-07T14:06:19.178-03:00  INFO 4128 --- [java21-springboot4-microservice-restful] [    Test worker] .b.t.c.SpringBootTestContextBootstrapper : Found @SpringBootConfiguration java21.springboot4.microservice.restful.Application for test class java21.springboot4.microservice.restful.Java21Springboot4MicroserviceRestfulApplicationTests
2026-09-07T14:06:19.182-03:00  INFO 4128 --- [java21-springboot4-microservice-restful] [    Test worker] t.c.s.AnnotationConfigContextLoaderUtils : Could not detect default configuration classes for test class [java21.springboot4.microservice.restful.Java21Springboot4MicroserviceRestfulApplicationTests]: Java21Springboot4MicroserviceRestfulApplicationTests does not declare any static, non-private, non-final, nested classes annotated with @Configuration.
2026-09-07T14:06:19.184-03:00  INFO 4128 --- [java21-springboot4-microservice-restful] [    Test worker] .b.t.c.SpringBootTestContextBootstrapper : Found @SpringBootConfiguration java21.springboot4.microservice.restful.Application for test class java21.springboot4.microservice.restful.Java21Springboot4MicroserviceRestfulApplicationTests

  .   ____          _            __ _ _
 /\\ / ___'_ __ _ _(_)_ __  __ _ \ \ \ \
( ( )\___ | '_ | '_| | '_ \/ _` | \ \ \ \
 \\/  ___)| |_)| | | | | || (_| |  ) ) ) )
  '  |____| .__|_| |_|_| |_\__, | / / / /
 =========|_|==============|___/=/_/_/_/

 :: Spring Boot ::                (v4.1.1)

2026-09-07T14:06:19.245-03:00  INFO 4128 --- [java21-springboot4-microservice-restful] [    Test worker] boot4MicroserviceRestfulApplicationTests : Starting Java21Springboot4MicroserviceRestfulApplicationTests using Java 21.0.11 with PID 4128 (started by christian_hume in C:\dev\repositories\java21-springboot4-microservice-restful)
2026-09-07T14:06:19.245-03:00  INFO 4128 --- [java21-springboot4-microservice-restful] [    Test worker] boot4MicroserviceRestfulApplicationTests : No active profile set, falling back to 1 default profile: "default"
2026-09-07T14:06:19.840-03:00  INFO 4128 --- [java21-springboot4-microservice-restful] [    Test worker] .s.d.r.c.RepositoryConfigurationDelegate : Bootstrapping Spring Data JPA repositories in DEFAULT mode.
2026-09-07T14:06:19.862-03:00  INFO 4128 --- [java21-springboot4-microservice-restful] [    Test worker] .s.d.r.c.RepositoryConfigurationDelegate : Finished Spring Data repository scanning in 19 ms. Found 4 JPA repository interfaces.
2026-09-07T14:06:20.201-03:00  INFO 4128 --- [java21-springboot4-microservice-restful] [    Test worker] com.zaxxer.hikari.HikariDataSource       : HikariPool-1 - Starting...
2026-09-07T14:06:20.222-03:00  INFO 4128 --- [java21-springboot4-microservice-restful] [    Test worker] com.zaxxer.hikari.pool.HikariPool        : HikariPool-1 - Added connection conn12: url=jdbc:h2:mem:testdb user=SA
2026-09-07T14:06:20.227-03:00  INFO 4128 --- [java21-springboot4-microservice-restful] [    Test worker] com.zaxxer.hikari.HikariDataSource       : HikariPool-1 - Start completed.
2026-09-07T14:06:20.277-03:00  INFO 4128 --- [java21-springboot4-microservice-restful] [    Test worker] org.hibernate.orm.jpa                    : HHH008540: Processing PersistenceUnitInfo [name: default]
2026-09-07T14:06:20.324-03:00  INFO 4128 --- [java21-springboot4-microservice-restful] [    Test worker] o.s.o.j.p.SpringPersistenceUnitInfo      : No LoadTimeWeaver setup: ignoring JPA class transformer
2026-09-07T14:06:20.327-03:00  WARN 4128 --- [java21-springboot4-microservice-restful] [    Test worker] org.hibernate.orm.deprecation            : HHH90000025: H2Dialect does not need to be specified explicitly using 'hibernate.dialect' (remove the property setting and it will be selected by default)
2026-09-07T14:06:20.328-03:00  INFO 4128 --- [java21-springboot4-microservice-restful] [    Test worker] org.hibernate.orm.connections.pooling    : HHH10001005: Database info:
	Database JDBC URL [jdbc:h2:mem:testdb]
	Database driver: H2 JDBC Driver
	Database dialect: H2Dialect
	Database version: 2.4.240
	Default catalog/schema: TESTDB/PUBLIC
	Autocommit mode: undefined/unknown
	Isolation level: READ_COMMITTED [default READ_COMMITTED]
	JDBC fetch size: 100
	Pool: DataSourceConnectionProvider
	Minimum pool size: undefined/unknown
	Maximum pool size: undefined/unknown
2026-09-07T14:06:20.390-03:00  INFO 4128 --- [java21-springboot4-microservice-restful] [    Test worker] org.hibernate.orm.core                   : HHH000489: No JTA platform available (set 'hibernate.transaction.jta.platform' to enable JTA platform integration)
2026-09-07T14:06:20.401-03:00  INFO 4128 --- [java21-springboot4-microservice-restful] [    Test worker] j.LocalContainerEntityManagerFactoryBean : Initialized JPA EntityManagerFactory for persistence unit 'default'
2026-09-07T14:06:20.586-03:00  WARN 4128 --- [java21-springboot4-microservice-restful] [    Test worker] JpaBaseConfiguration$JpaWebConfiguration : spring.jpa.open-in-view is enabled by default. Therefore, database queries may be performed during view rendering. Explicitly configure spring.jpa.open-in-view to disable this warning
2026-09-07T14:06:21.411-03:00  INFO 4128 --- [java21-springboot4-microservice-restful] [    Test worker] o.s.b.a.e.web.EndpointLinksResolver      : Exposing 2 endpoints beneath base path '/actuator'
2026-09-07T14:06:21.505-03:00  INFO 4128 --- [java21-springboot4-microservice-restful] [    Test worker] boot4MicroserviceRestfulApplicationTests : Started Java21Springboot4MicroserviceRestfulApplicationTests in 2.309 seconds (process running for 10.722)
]]></system-out>
  <system-err><![CDATA[]]></system-err>
</testsuite>
